::1 - - [27/May/2019:08:37:46 +0000] "POST /login HTTP/1.1" 302 46 "http://localhost:3000/login" "Mozilla/5.0 (Macintosh; Intel Mac OS X 10.14; rv:66.0) Gecko/20100101 Firefox/66.0"
::1 - - [27/May/2019:08:37:47 +0000] "GET / HTTP/1.1" 200 - "http://localhost:3000/login" "Mozilla/5.0 (Macintosh; Intel Mac OS X 10.14; rv:66.0) Gecko/20100101 Firefox/66.0"
::1 - - [27/May/2019:08:37:47 +0000] "GET /http://www.draganadjermanovic.com/wp-content/uploads/2010/03/photo_14917_20100419.jpg HTTP/1.1" 404 - "http://localhost:3000/" "Mozilla/5.0 (Macintosh; Intel Mac OS X 10.14; rv:66.0) Gecko/20100101 Firefox/66.0"
::1 - - [27/May/2019:08:37:48 +0000] "GET /https://encrypted-tbn0.gstatic.com/images?q=tbn:ANd9GcRDhlkFPbO1mKzL4EyGAoHmEvKFL0db82lBF2dfFa5ZK4UzvmZk HTTP/1.1" 404 - "http://localhost:3000/" "Mozilla/5.0 (Macintosh; Intel Mac OS X 10.14; rv:66.0) Gecko/20100101 Firefox/66.0"
::1 - - [27/May/2019:08:37:49 +0000] "GET /https://previews.123rf.com/images/isebastian/isebastian0902/isebastian090200014/4235531-pile-of-old-leather-bound-books.jpg HTTP/1.1" 404 - "http://localhost:3000/" "Mozilla/5.0 (Macintosh; Intel Mac OS X 10.14; rv:66.0) Gecko/20100101 Firefox/66.0"
::1 - - [27/May/2019:08:38:10 +0000] "GET / HTTP/1.1" 200 - "http://localhost:3000/login" "Mozilla/5.0 (Macintosh; Intel Mac OS X 10.14; rv:66.0) Gecko/20100101 Firefox/66.0"
::1 - - [27/May/2019:08:38:11 +0000] "GET /http://www.draganadjermanovic.com/wp-content/uploads/2010/03/photo_14917_20100419.jpg HTTP/1.1" 404 - "http://localhost:3000/" "Mozilla/5.0 (Macintosh; Intel Mac OS X 10.14; rv:66.0) Gecko/20100101 Firefox/66.0"
::1 - - [27/May/2019:08:38:11 +0000] "GET /https://previews.123rf.com/images/isebastian/isebastian0902/isebastian090200014/4235531-pile-of-old-leather-bound-books.jpg HTTP/1.1" 404 - "http://localhost:3000/" "Mozilla/5.0 (Macintosh; Intel Mac OS X 10.14; rv:66.0) Gecko/20100101 Firefox/66.0"
::1 - - [27/May/2019:08:38:12 +0000] "GET /https://encrypted-tbn0.gstatic.com/images?q=tbn:ANd9GcRDhlkFPbO1mKzL4EyGAoHmEvKFL0db82lBF2dfFa5ZK4UzvmZk HTTP/1.1" 404 - "http://localhost:3000/" "Mozilla/5.0 (Macintosh; Intel Mac OS X 10.14; rv:66.0) Gecko/20100101 Firefox/66.0"
::1 - - [27/May/2019:08:38:15 +0000] "GET /products HTTP/1.1" 200 - "http://localhost:3000/" "Mozilla/5.0 (Macintosh; Intel Mac OS X 10.14; rv:66.0) Gecko/20100101 Firefox/66.0"
::1 - - [27/May/2019:08:38:15 +0000] "GET /https://encrypted-tbn0.gstatic.com/images?q=tbn:ANd9GcRDhlkFPbO1mKzL4EyGAoHmEvKFL0db82lBF2dfFa5ZK4UzvmZk HTTP/1.1" 404 - "http://localhost:3000/products" "Mozilla/5.0 (Macintosh; Intel Mac OS X 10.14; rv:66.0) Gecko/20100101 Firefox/66.0"
::1 - - [27/May/2019:08:38:15 +0000] "GET /https://previews.123rf.com/images/isebastian/isebastian0902/isebastian090200014/4235531-pile-of-old-leather-bound-books.jpg HTTP/1.1" 404 - "http://localhost:3000/products" "Mozilla/5.0 (Macintosh; Intel Mac OS X 10.14; rv:66.0) Gecko/20100101 Firefox/66.0"
::1 - - [27/May/2019:08:38:16 +0000] "GET /http://www.draganadjermanovic.com/wp-content/uploads/2010/03/photo_14917_20100419.jpg HTTP/1.1" 404 - "http://localhost:3000/products" "Mozilla/5.0 (Macintosh; Intel Mac OS X 10.14; rv:66.0) Gecko/20100101 Firefox/66.0"
::1 - - [27/May/2019:11:38:43 +0000] "GET / HTTP/1.1" 200 - "-" "Mozilla/5.0 (Macintosh; Intel Mac OS X 10.14; rv:66.0) Gecko/20100101 Firefox/66.0"
::1 - - [27/May/2019:11:38:43 +0000] "GET /http://www.draganadjermanovic.com/wp-content/uploads/2010/03/photo_14917_20100419.jpg HTTP/1.1" 404 - "http://localhost:3000/" "Mozilla/5.0 (Macintosh; Intel Mac OS X 10.14; rv:66.0) Gecko/20100101 Firefox/66.0"
::1 - - [27/May/2019:11:38:44 +0000] "GET /https://previews.123rf.com/images/isebastian/isebastian0902/isebastian090200014/4235531-pile-of-old-leather-bound-books.jpg HTTP/1.1" 404 - "http://localhost:3000/" "Mozilla/5.0 (Macintosh; Intel Mac OS X 10.14; rv:66.0) Gecko/20100101 Firefox/66.0"
::1 - - [27/May/2019:11:38:45 +0000] "GET /https://encrypted-tbn0.gstatic.com/images?q=tbn:ANd9GcRDhlkFPbO1mKzL4EyGAoHmEvKFL0db82lBF2dfFa5ZK4UzvmZk HTTP/1.1" 404 - "http://localhost:3000/" "Mozilla/5.0 (Macintosh; Intel Mac OS X 10.14; rv:66.0) Gecko/20100101 Firefox/66.0"
::1 - - [27/May/2019:11:39:13 +0000] "GET / HTTP/1.1" 200 - "-" "Mozilla/5.0 (Macintosh; Intel Mac OS X 10.14; rv:66.0) Gecko/20100101 Firefox/66.0"
::1 - - [27/May/2019:11:39:13 +0000] "GET /https://encrypted-tbn0.gstatic.com/images?q=tbn:ANd9GcRDhlkFPbO1mKzL4EyGAoHmEvKFL0db82lBF2dfFa5ZK4UzvmZk HTTP/1.1" 404 - "http://localhost:3000/" "Mozilla/5.0 (Macintosh; Intel Mac OS X 10.14; rv:66.0) Gecko/20100101 Firefox/66.0"
::1 - - [27/May/2019:11:39:13 +0000] "GET /http://www.draganadjermanovic.com/wp-content/uploads/2010/03/photo_14917_20100419.jpg HTTP/1.1" 404 - "http://localhost:3000/" "Mozilla/5.0 (Macintosh; Intel Mac OS X 10.14; rv:66.0) Gecko/20100101 Firefox/66.0"
- - - [27/May/2019:11:39:14 +0000] "GET /favicon.ico HTTP/1.1" 404 - "-" "Mozilla/5.0 (Macintosh; Intel Mac OS X 10.14; rv:66.0) Gecko/20100101 Firefox/66.0"
::1 - - [27/May/2019:11:39:14 +0000] "GET /https://previews.123rf.com/images/isebastian/isebastian0902/isebastian090200014/4235531-pile-of-old-leather-bound-books.jpg HTTP/1.1" 404 - "http://localhost:3000/" "Mozilla/5.0 (Macintosh; Intel Mac OS X 10.14; rv:66.0) Gecko/20100101 Firefox/66.0"
::1 - - [27/May/2019:11:39:23 +0000] "GET / HTTP/1.1" 200 - "-" "Mozilla/5.0 (Macintosh; Intel Mac OS X 10.14; rv:66.0) Gecko/20100101 Firefox/66.0"
::1 - - [27/May/2019:11:39:24 +0000] "GET /http://www.draganadjermanovic.com/wp-content/uploads/2010/03/photo_14917_20100419.jpg HTTP/1.1" 404 - "http://localhost:3000/" "Mozilla/5.0 (Macintosh; Intel Mac OS X 10.14; rv:66.0) Gecko/20100101 Firefox/66.0"
::1 - - [27/May/2019:11:39:24 +0000] "GET /https://previews.123rf.com/images/isebastian/isebastian0902/isebastian090200014/4235531-pile-of-old-leather-bound-books.jpg HTTP/1.1" 404 - "http://localhost:3000/" "Mozilla/5.0 (Macintosh; Intel Mac OS X 10.14; rv:66.0) Gecko/20100101 Firefox/66.0"
::1 - - [27/May/2019:11:39:24 +0000] "GET /https://encrypted-tbn0.gstatic.com/images?q=tbn:ANd9GcRDhlkFPbO1mKzL4EyGAoHmEvKFL0db82lBF2dfFa5ZK4UzvmZk HTTP/1.1" 404 - "http://localhost:3000/" "Mozilla/5.0 (Macintosh; Intel Mac OS X 10.14; rv:66.0) Gecko/20100101 Firefox/66.0"
::1 - - [27/May/2019:11:39:55 +0000] "GET / HTTP/1.1" 200 - "-" "Mozilla/5.0 (Macintosh; Intel Mac OS X 10_14_5) AppleWebKit/537.36 (KHTML, like Gecko) Chrome/74.0.3729.169 Safari/537.36"
::1 - - [27/May/2019:11:39:55 +0000] "GET /http://www.draganadjermanovic.com/wp-content/uploads/2010/03/photo_14917_20100419.jpg HTTP/1.1" 404 - "http://localhost:3000/" "Mozilla/5.0 (Macintosh; Intel Mac OS X 10_14_5) AppleWebKit/537.36 (KHTML, like Gecko) Chrome/74.0.3729.169 Safari/537.36"
::1 - - [27/May/2019:11:39:55 +0000] "GET /https://encrypted-tbn0.gstatic.com/images?q=tbn:ANd9GcRDhlkFPbO1mKzL4EyGAoHmEvKFL0db82lBF2dfFa5ZK4UzvmZk HTTP/1.1" 404 - "http://localhost:3000/" "Mozilla/5.0 (Macintosh; Intel Mac OS X 10_14_5) AppleWebKit/537.36 (KHTML, like Gecko) Chrome/74.0.3729.169 Safari/537.36"
::1 - - [27/May/2019:11:39:55 +0000] "GET /https://previews.123rf.com/images/isebastian/isebastian0902/isebastian090200014/4235531-pile-of-old-leather-bound-books.jpg HTTP/1.1" 404 - "http://localhost:3000/" "Mozilla/5.0 (Macintosh; Intel Mac OS X 10_14_5) AppleWebKit/537.36 (KHTML, like Gecko) Chrome/74.0.3729.169 Safari/537.36"
::1 - - [27/May/2019:12:56:34 +0000] "GET / HTTP/1.1" 304 - "-" "Mozilla/5.0 (Macintosh; Intel Mac OS X 10_14_5) AppleWebKit/537.36 (KHTML, like Gecko) Chrome/74.0.3729.169 Safari/537.36"
::1 - - [27/May/2019:12:56:34 +0000] "GET /http://www.draganadjermanovic.com/wp-content/uploads/2010/03/photo_14917_20100419.jpg HTTP/1.1" 404 - "http://localhost:3000/" "Mozilla/5.0 (Macintosh; Intel Mac OS X 10_14_5) AppleWebKit/537.36 (KHTML, like Gecko) Chrome/74.0.3729.169 Safari/537.36"
::1 - - [27/May/2019:12:56:34 +0000] "GET /https://encrypted-tbn0.gstatic.com/images?q=tbn:ANd9GcRDhlkFPbO1mKzL4EyGAoHmEvKFL0db82lBF2dfFa5ZK4UzvmZk HTTP/1.1" 404 - "http://localhost:3000/" "Mozilla/5.0 (Macintosh; Intel Mac OS X 10_14_5) AppleWebKit/537.36 (KHTML, like Gecko) Chrome/74.0.3729.169 Safari/537.36"
::1 - - [27/May/2019:12:56:34 +0000] "GET /https://previews.123rf.com/images/isebastian/isebastian0902/isebastian090200014/4235531-pile-of-old-leather-bound-books.jpg HTTP/1.1" 404 - "http://localhost:3000/" "Mozilla/5.0 (Macintosh; Intel Mac OS X 10_14_5) AppleWebKit/537.36 (KHTML, like Gecko) Chrome/74.0.3729.169 Safari/537.36"
::1 - - [27/May/2019:12:56:48 +0000] "GET / HTTP/1.1" 304 - "-" "Mozilla/5.0 (Macintosh; Intel Mac OS X 10_14_5) AppleWebKit/537.36 (KHTML, like Gecko) Chrome/74.0.3729.169 Safari/537.36"
::1 - - [27/May/2019:12:56:48 +0000] "GET /https://encrypted-tbn0.gstatic.com/images?q=tbn:ANd9GcRDhlkFPbO1mKzL4EyGAoHmEvKFL0db82lBF2dfFa5ZK4UzvmZk HTTP/1.1" 404 - "http://localhost:3000/" "Mozilla/5.0 (Macintosh; Intel Mac OS X 10_14_5) AppleWebKit/537.36 (KHTML, like Gecko) Chrome/74.0.3729.169 Safari/537.36"
::1 - - [27/May/2019:12:56:48 +0000] "GET /http://www.draganadjermanovic.com/wp-content/uploads/2010/03/photo_14917_20100419.jpg HTTP/1.1" 404 - "http://localhost:3000/" "Mozilla/5.0 (Macintosh; Intel Mac OS X 10_14_5) AppleWebKit/537.36 (KHTML, like Gecko) Chrome/74.0.3729.169 Safari/537.36"
::1 - - [27/May/2019:12:56:48 +0000] "GET /https://previews.123rf.com/images/isebastian/isebastian0902/isebastian090200014/4235531-pile-of-old-leather-bound-books.jpg HTTP/1.1" 404 - "http://localhost:3000/" "Mozilla/5.0 (Macintosh; Intel Mac OS X 10_14_5) AppleWebKit/537.36 (KHTML, like Gecko) Chrome/74.0.3729.169 Safari/537.36"
::1 - - [27/May/2019:13:12:11 +0000] "GET / HTTP/1.1" 200 - "-" "Mozilla/5.0 (Macintosh; Intel Mac OS X 10.14; rv:66.0) Gecko/20100101 Firefox/66.0"
::1 - - [27/May/2019:13:12:12 +0000] "GET /https://previews.123rf.com/images/isebastian/isebastian0902/isebastian090200014/4235531-pile-of-old-leather-bound-books.jpg HTTP/1.1" 404 - "http://localhost:3000/" "Mozilla/5.0 (Macintosh; Intel Mac OS X 10.14; rv:66.0) Gecko/20100101 Firefox/66.0"
::1 - - [27/May/2019:13:12:12 +0000] "GET /http://www.draganadjermanovic.com/wp-content/uploads/2010/03/photo_14917_20100419.jpg HTTP/1.1" 404 - "http://localhost:3000/" "Mozilla/5.0 (Macintosh; Intel Mac OS X 10.14; rv:66.0) Gecko/20100101 Firefox/66.0"
::1 - - [27/May/2019:13:12:12 +0000] "GET /https://encrypted-tbn0.gstatic.com/images?q=tbn:ANd9GcRDhlkFPbO1mKzL4EyGAoHmEvKFL0db82lBF2dfFa5ZK4UzvmZk HTTP/1.1" 404 - "http://localhost:3000/" "Mozilla/5.0 (Macintosh; Intel Mac OS X 10.14; rv:66.0) Gecko/20100101 Firefox/66.0"
::1 - - [27/May/2019:13:14:41 +0000] "GET /products HTTP/1.1" 200 - "http://localhost:3000/" "Mozilla/5.0 (Macintosh; Intel Mac OS X 10.14; rv:66.0) Gecko/20100101 Firefox/66.0"
::1 - - [27/May/2019:13:14:42 +0000] "GET /https://encrypted-tbn0.gstatic.com/images?q=tbn:ANd9GcRDhlkFPbO1mKzL4EyGAoHmEvKFL0db82lBF2dfFa5ZK4UzvmZk HTTP/1.1" 404 - "http://localhost:3000/products" "Mozilla/5.0 (Macintosh; Intel Mac OS X 10.14; rv:66.0) Gecko/20100101 Firefox/66.0"
::1 - - [27/May/2019:13:14:42 +0000] "GET /http://www.draganadjermanovic.com/wp-content/uploads/2010/03/photo_14917_20100419.jpg HTTP/1.1" 404 - "http://localhost:3000/products" "Mozilla/5.0 (Macintosh; Intel Mac OS X 10.14; rv:66.0) Gecko/20100101 Firefox/66.0"
::1 - - [27/May/2019:13:14:42 +0000] "GET /https://previews.123rf.com/images/isebastian/isebastian0902/isebastian090200014/4235531-pile-of-old-leather-bound-books.jpg HTTP/1.1" 404 - "http://localhost:3000/products" "Mozilla/5.0 (Macintosh; Intel Mac OS X 10.14; rv:66.0) Gecko/20100101 Firefox/66.0"
::1 - - [27/May/2019:13:14:44 +0000] "GET /products HTTP/1.1" 200 - "http://localhost:3000/" "Mozilla/5.0 (Macintosh; Intel Mac OS X 10.14; rv:66.0) Gecko/20100101 Firefox/66.0"
::1 - - [27/May/2019:13:14:45 +0000] "GET /http://www.draganadjermanovic.com/wp-content/uploads/2010/03/photo_14917_20100419.jpg HTTP/1.1" 404 - "http://localhost:3000/products" "Mozilla/5.0 (Macintosh; Intel Mac OS X 10.14; rv:66.0) Gecko/20100101 Firefox/66.0"
::1 - - [27/May/2019:13:14:45 +0000] "GET /https://previews.123rf.com/images/isebastian/isebastian0902/isebastian090200014/4235531-pile-of-old-leather-bound-books.jpg HTTP/1.1" 404 - "http://localhost:3000/products" "Mozilla/5.0 (Macintosh; Intel Mac OS X 10.14; rv:66.0) Gecko/20100101 Firefox/66.0"
::1 - - [27/May/2019:13:14:45 +0000] "GET /https://encrypted-tbn0.gstatic.com/images?q=tbn:ANd9GcRDhlkFPbO1mKzL4EyGAoHmEvKFL0db82lBF2dfFa5ZK4UzvmZk HTTP/1.1" 404 - "http://localhost:3000/products" "Mozilla/5.0 (Macintosh; Intel Mac OS X 10.14; rv:66.0) Gecko/20100101 Firefox/66.0"
::1 - - [27/May/2019:14:36:27 +0000] "GET /products HTTP/1.1" 200 - "-" "Mozilla/5.0 (Macintosh; Intel Mac OS X 10.14; rv:66.0) Gecko/20100101 Firefox/66.0"
::1 - - [27/May/2019:14:36:28 +0000] "GET /https://encrypted-tbn0.gstatic.com/images?q=tbn:ANd9GcRDhlkFPbO1mKzL4EyGAoHmEvKFL0db82lBF2dfFa5ZK4UzvmZk HTTP/1.1" 404 - "http://localhost:3000/products" "Mozilla/5.0 (Macintosh; Intel Mac OS X 10.14; rv:66.0) Gecko/20100101 Firefox/66.0"
::1 - - [27/May/2019:14:36:28 +0000] "GET /https://previews.123rf.com/images/isebastian/isebastian0902/isebastian090200014/4235531-pile-of-old-leather-bound-books.jpg HTTP/1.1" 404 - "http://localhost:3000/products" "Mozilla/5.0 (Macintosh; Intel Mac OS X 10.14; rv:66.0) Gecko/20100101 Firefox/66.0"
::1 - - [27/May/2019:14:36:28 +0000] "GET /http://www.draganadjermanovic.com/wp-content/uploads/2010/03/photo_14917_20100419.jpg HTTP/1.1" 404 - "http://localhost:3000/products" "Mozilla/5.0 (Macintosh; Intel Mac OS X 10.14; rv:66.0) Gecko/20100101 Firefox/66.0"
